<?xml version="1.0" encoding="UTF-8" ?>
<testsuite tests="13" failures="0" name="com.blackpixel.cucumber.CukesRunnerTest" time="0.56" errors="0" skipped="4">
  <properties>
[...]
</properties>
  <testcase classname="Scenario: Depositing money into User\&apos;s account should add money to the User\&apos;s current balance" name="Given a User has no money in their account" time="0.001"/>
  <testcase classname="Scenario: Depositing money into User\&apos;s account should add money to the User\&apos;s current balance" name="When \u00A3100 is deposited into the account" time="0"/>
  <testcase classname="Scenario: Depositing money into User\&apos;s account should add money to the User\&apos;s current balance" name="Then the balance should be \u00A3100" time="0"/>
  <testcase classname="Scenario: Depositing money into User\&apos;s account should add money to the User\&apos;s current balance" name="Scenario: Depositing money into User\&apos;s account should add money to the User\&apos;s current balance" time="0.001"/>
  <testcase classname="Scenario: Depositing money into User\&apos;s account should add money to the User\&apos;s current balance" name="Given a User has no money in their account" time="0.001"/>
  <testcase classname="Scenario: Depositing money into User\&apos;s account should add money to the User\&apos;s current balance" name="When \u00A350 is deposited into the account" time="0"/>
  <testcase classname="Scenario: Depositing money into User\&apos;s account should add money to the User\&apos;s current balance" name="Then the balance should be \u00A350" time="0"/>
  <testcase classname="Scenario: Depositing money into User\&apos;s account should add money to the User\&apos;s current balance" name="Scenario: Depositing money into User\&apos;s account should add money to the User\&apos;s current balance" time="0.001"/>
  <testcase classname="Scenario: Hire a car model that is available" name="Given a Ford Focus is available" time="0.004">
    <skipped/>
  </testcase>
  <testcase classname="Scenario: Hire a car model that is available" name="When I select a Ford Focus" time="0.012">
    <skipped/>
  </testcase>
  <testcase classname="Scenario: Hire a car model that is available" name="Then I should be informed that it is available" time="0.013">
    <skipped/>
  </testcase>
  <testcase classname="Scenario: Hire a car model that is available" name="Scenario: Hire a car model that is available" time="0.014">
    <skipped/>
  </testcase>
  <testcase classname="Scenario: Hire a car model that is available" name="Scenario: Hire a car model that is available" time="0.014"/>
</testsuite>